1 
3 22 30 43 24 37 26 14 40 31 46 33 11 6 38 7 9 20 21 12 36 32 16 17 27 4 23 41 18 5 35 13 10 45 1 29 28 8 34 42 2 25 19 44 15 47 39 
50 28 20 16 27 26 32 13 1 2 33 43 25 29 3 53 39 11 54 44 31 34 30 36 12 45 14 8 40 22 24 41 42 5 49 46 10 19 9 51 15 6 35 23 17 37 7 18 48 47 52 4 38 21 
3 4 2 1 
79 17 57 46 44 83 71 41 1 85 34 50 20 59 89 32 75 74 37 64 70 27 53 42 9 36 67 14 43 52 39 38 23 54 90 3 31 51 24 2 25 66 29 15 87 40 7 13 10 19 33 76 28 84 60 11 82 81 77 47 62 56 68 48 92 35 5 12 6 45 30 65 80 26 91 21 8 16 58 73 69 18 4 22 78 49 86 61 55 88 63 72 
26 38 17 6 22 41 1 10 39 55 50 5 7 27 36 33 51 13 24 25 40 23 9 49 53 45 2 28 35 20 48 12 8 11 46 19 58 29 4 16 32 42 52 3 14 31 30 54 56 57 21 15 47 44 43 37 18 34 
21 39 31 13 19 36 3 9 25 27 29 17 8 38 26 22 6 33 37 28 11 35 7 5 14 18 15 24 20 34 41 30 1 23 10 12 16 2 32 4 40 
47 59 79 51 64 24 36 4 2 15 42 52 18 31 17 53 39 44 12 77 43 5 32 35 10 67 78 28 73 46 60 62 16 63 56 27 29 75 33 55 34 74 25 61 13 41 50 14 23 37 45 22 49 54 11 6 82 38 20 48 80 21 58 30 71 65 3 72 66 9 7 1 26 68 70 19 8 81 40 57 83 76 69 
39 45 55 38 58 57 52 66 24 26 25 72 84 51 65 15 67 6 78 36 13 64 12 17 5 73 27 1 59 42 50 18 77 34 68 70 82 80 44 75 33 40 56 10 9 89 62 35 54 47 90 30 41 28 60 11 71 79 23 88 69 37 3 21 61 32 43 14 46 83 19 53 74 2 85 20 63 87 31 7 48 49 29 86 76 16 4 22 81 8 
15 11 8 20 1 21 10 23 13 7 14 6 24 3 9 17 2 5 4 19 12 18 16 22 
3 8 7 1 2 9 16 5 12 6 11 14 4 13 10 15 
2 23 12 32 76 13 77 34 70 31 37 25 19 33 5 55 45 24 22 39 29 67 10 64 65 57 42 66 44 83 75 15 87 11 56 63 68 4 38 89 46 85 58 3 48 82 49 20 18 80 21 47 16 28 27 59 73 30 81 62 74 53 51 50 84 17 43 60 9 8 71 40 61 6 78 69 86 72 7 90 52 1 26 35 79 88 14 54 36 41 
18 43 57 65 7 56 8 23 58 62 13 61 12 39 31 60 35 46 50 10 16 26 64 14 9 30 44 49 29 2 24 42 41 4 54 20 63 48 33 34 52 11 6 3 15 32 51 5 17 45 22 40 25 37 47 55 27 28 59 66 21 1 19 53 36 38 
14 12 18 15 3 7 2 11 1 16 17 4 10 5 8 6 9 13 19 
24 13 22 2 10 9 4 20 15 7 31 3 19 14 5 23 12 26 16 1 32 29 18 17 21 6 28 8 30 25 11 27 
3 1 2 
2 1 3 4 
11 10 6 2 4 1 7 9 8 12 3 5 
32 44 43 63 35 22 16 40 52 12 18 20 38 26 46 62 47 33 19 7 5 17 41 42 10 61 37 39 50 59 29 31 45 24 49 56 1 8 51 23 9 54 27 28 13 58 60 15 3 55 2 21 11 6 25 30 34 14 53 4 57 36 48 
46 28 2 8 15 32 63 57 24 1 56 58 45 36 29 22 64 5 25 23 27 66 30 44 42 19 9 21 61 39 10 62 53 7 52 13 55 4 17 41 3 16 35 50 12 51 26 54 20 43 11 14 48 47 65 6 34 40 18 37 38 49 33 60 59 31 
53 82 19 13 60 95 54 74 47 8 56 80 5 18 43 68 55 28 81 90 72 66 37 46 10 77 87 24 11 98 45 79 31 22 41 44 42 62 89 29 91 92 1 48 76 88 51 27 83 64 15 2 4 96 94 93 70 73 3 6 65 49 17 97 71 30 58 33 84 26 7 32 57 25 50 75 20 16 23 85 69 40 36 63 39 52 61 14 9 34 86 38 59 12 21 78 67 35 
14 33 13 25 37 30 28 6 7 40 34 26 21 3 29 36 39 32 22 16 17 35 11 9 23 18 5 31 24 1 2 8 12 38 4 27 20 19 10 15 
14 9 53 61 51 19 26 30 17 21 54 45 75 69 84 73 10 76 35 27 48 5 1 43 66 18 12 79 72 16 29 11 58 56 39 67 64 25 77 15 32 50 2 74 62 65 13 40 82 41 47 52 3 44 6 68 8 20 31 83 63 7 60 42 78 38 80 23 24 57 37 59 4 55 71 49 34 36 28 70 22 46 33 81 85 
24 61 23 71 41 26 36 14 1 33 88 49 79 73 67 44 18 50 87 69 38 6 72 5 3 53 21 82 48 62 64 55 89 43 83 4 80 59 31 29 16 2 66 34 42 77 17 27 65 20 85 37 84 57 52 56 8 40 46 39 22 63 70 28 10 9 19 25 15 12 81 54 47 30 35 32 51 78 60 13 86 75 7 68 45 11 74 76 58 
4 2 1 3 
3 5 4 6 1 2 
3 1 2 4 
56 33 67 13 44 37 53 19 40 38 62 1 23 31 27 55 35 6 17 48 24 57 41 61 39 65 34 14 3 28 43 29 60 8 9 18 64 20 10 30 66 59 16 49 21 4 26 32 46 45 51 42 5 50 52 36 47 15 7 2 22 58 63 25 68 12 54 11 
3 34 7 11 39 18 44 12 33 26 5 21 1 4 15 41 32 36 29 27 30 23 37 45 43 35 10 9 8 31 47 16 50 2 20 40 17 19 42 46 6 49 25 22 13 38 14 28 24 48 
49 4 3 62 66 68 61 32 65 19 50 39 29 40 34 33 10 15 6 37 45 13 67 55 57 30 47 42 56 60 38 26 59 63 2 5 48 11 25 53 52 41 28 12 16 9 22 54 36 24 44 31 35 18 14 27 58 51 20 1 21 23 46 8 7 17 64 43 
21 12 6 1 5 8 16 17 7 22 11 20 2 14 10 3 9 4 19 15 18 13 
32 52 51 18 50 35 2 10 31 4 43 7 36 29 37 47 54 44 13 19 25 48 33 24 6 1 21 34 22 11 41 27 23 14 55 57 16 38 5 45 53 58 40 15 56 39 42 30 8 20 46 9 26 12 49 17 28 3 
69 7 5 52 1 32 73 20 10 27 75 30 22 51 63 2 45 54 37 49 78 41 40 17 16 61 9 62 28 3 64 70 74 11 4 68 18 39 34 48 57 24 71 12 65 79 72 6 38 35 82 19 80 26 81 42 55 58 29 60 67 8 25 14 21 46 76 33 47 23 50 13 59 77 15 66 56 53 31 43 36 44 
25 11 20 5 33 1 34 28 32 4 46 39 49 37 26 24 22 17 40 16 8 35 2 27 6 43 3 12 10 15 23 30 31 29 42 7 48 13 41 21 38 44 18 45 14 9 19 36 47 
45 3 23 44 9 38 21 26 36 31 16 47 37 48 6 41 5 2 12 49 10 15 29 19 40 8 7 25 1 14 17 39 22 18 4 30 43 13 46 27 33 52 20 28 51 34 42 32 11 35 24 50 
54 57 20 11 42 31 56 58 18 26 8 7 44 32 15 17 39 14 45 62 48 49 4 52 1 27 28 35 36 60 2 50 5 10 41 61 19 46 38 3 22 23 40 25 37 6 16 30 34 33 55 53 29 59 13 9 47 21 12 24 43 51 
5 19 59 44 1 73 2 4 43 26 7 16 23 6 25 63 76 17 57 65 41 75 36 9 24 66 34 38 22 14 47 29 51 48 58 21 52 53 54 74 49 64 40 33 60 71 46 37 8 68 30 70 10 56 32 28 42 62 67 3 72 35 31 13 18 39 12 50 55 27 45 77 61 11 15 20 69 
16 15 18 54 44 56 73 34 7 3 88 20 72 29 81 27 64 51 68 59 57 22 30 35 82 21 58 62 79 2 1 49 8 83 86 10 76 65 38 12 40 17 5 69 70 9 11 78 46 48 84 63 37 6 31 55 25 47 91 41 85 80 45 74 61 77 43 32 53 66 52 4 28 89 14 19 13 24 26 50 42 36 87 67 71 60 33 23 90 75 39 
18 42 12 34 15 21 2 36 10 16 25 39 22 26 28 20 4 27 14 37 29 8 24 31 9 35 6 33 38 23 1 3 32 11 13 30 19 40 5 7 41 17 
25 43 49 45 54 5 27 57 9 29 19 36 37 40 10 13 3 28 31 14 8 32 12 44 60 1 47 24 21 18 7 17 33 22 63 2 39 53 56 4 23 38 30 11 52 16 20 15 55 26 34 46 41 62 50 48 59 58 35 6 51 42 61 
15 48 56 30 24 36 16 55 38 13 18 17 33 1 41 31 10 35 47 57 53 25 26 46 54 6 20 51 14 3 27 37 44 42 43 40 34 5 32 11 49 9 4 28 8 45 19 23 7 21 12 39 52 2 29 22 50 
30 13 32 42 7 38 28 34 1 45 9 8 26 41 11 44 4 35 43 39 37 5 14 15 12 18 40 22 20 24 17 29 25 23 21 16 10 6 31 2 36 19 3 27 33 46 
9 10 21 15 13 20 22 12 7 19 1 4 2 17 8 11 23 18 5 14 16 3 6 
83 78 46 2 48 14 52 21 91 11 61 34 3 33 10 79 95 22 54 18 84 45 60 68 76 36 86 55 35 70 96 16 64 73 89 9 74 80 40 5 59 71 77 72 94 17 27 87 65 82 97 23 31 57 38 63 75 81 42 4 15 12 62 39 69 53 50 41 66 25 26 51 49 93 28 58 37 43 6 92 30 24 56 20 19 44 13 88 1 85 90 32 67 29 7 47 8 
26 7 8 27 32 24 28 14 16 9 18 22 29 11 25 23 12 33 6 15 13 21 1 5 10 17 20 19 31 4 2 3 30 
4 5 1 6 3 2 
34 40 32 23 11 4 26 38 22 28 15 20 2 18 19 17 27 39 10 7 25 13 6 5 8 30 24 37 31 33 12 35 1 29 36 9 14 3 21 16 
14 20 25 57 9 10 26 91 78 90 55 76 11 45 79 23 13 48 88 84 49 51 16 67 47 39 36 21 38 85 58 7 52 59 61 96 37 80 34 69 41 33 31 43 71 70 28 35 8 62 81 17 6 68 89 29 42 30 95 66 93 15 92 75 94 5 74 97 40 1 32 27 3 72 64 22 87 50 2 44 56 19 83 54 4 82 65 63 77 86 46 73 18 12 53 24 60 
23 34 6 13 1 28 12 11 14 22 21 25 31 8 15 27 18 5 19 10 2 29 24 16 30 3 7 32 33 17 4 26 9 20 
8 19 18 23 5 47 31 27 42 17 3 36 51 49 7 60 65 30 63 46 28 11 16 66 35 54 53 15 21 26 50 4 29 55 34 56 52 62 12 22 13 58 20 32 2 64 14 6 33 48 61 24 59 39 44 57 25 45 1 38 43 9 10 41 40 37 
10 5 12 3 2 4 8 6 1 9 11 7 13 
3 6 2 1 7 5 4 
28 34 51 30 40 14 26 29 48 8 37 17 27 1 36 55 39 4 11 53 45 35 25 47 49 9 18 42 19 31 21 13 7 33 5 32 6 20 52 24 56 43 22 23 15 38 50 16 46 41 10 44 12 2 3 54 
42 50 27 10 23 8 7 45 32 4 55 12 19 35 5 30 49 18 26 29 24 9 3 53 43 22 56 54 11 36 59 17 52 14 48 37 44 28 33 57 40 13 21 38 1 58 47 6 41 20 16 2 15 25 51 46 34 31 39 
26 7 10 24 41 1 31 43 56 2 28 36 74 59 15 63 48 29 14 67 45 51 11 21 62 70 12 66 69 25 33 49 71 9 5 30 27 73 18 57 52 58 16 17 20 3 65 68 72 37 22 34 13 50 35 23 42 8 6 75 64 39 61 44 40 47 38 53 60 46 19 76 32 77 54 55 4 
28 35 4 14 31 18 32 7 2 33 17 11 25 36 13 12 27 30 5 15 23 3 9 10 20 8 19 26 24 1 22 29 34 16 6 21 
19 14 10 21 22 12 5 4 23 17 29 6 15 27 24 3 8 26 1 20 2 7 9 28 11 25 18 13 16 
24 30 32 34 29 20 37 14 41 4 16 40 12 18 27 7 23 31 19 25 21 17 11 36 9 15 26 33 22 6 2 1 39 13 28 8 35 10 38 3 5 
10 14 60 28 43 34 59 2 56 4 15 55 32 53 61 44 51 49 3 27 38 45 12 62 41 24 22 47 48 11 29 26 39 16 31 30 33 46 18 1 8 17 42 37 20 50 13 25 40 5 36 57 35 9 58 21 23 54 7 6 19 52 
46 13 7 27 49 8 5 3 11 42 40 21 19 22 23 28 4 55 35 25 44 24 12 52 31 26 9 48 47 20 43 32 56 41 45 16 29 36 30 54 51 34 10 14 50 39 33 37 38 15 2 53 1 6 17 18 
30 78 55 52 58 10 13 66 22 40 15 63 5 80 70 46 65 38 53 75 27 77 8 68 82 1 47 20 11 25 49 41 71 73 19 17 12 39 43 54 56 14 4 59 74 31 64 24 61 69 7 6 72 9 34 44 50 33 16 35 60 37 42 57 2 23 29 36 32 3 28 45 62 67 76 48 26 51 81 79 18 21 
23 47 33 82 7 78 5 1 9 31 89 90 76 6 70 24 60 80 49 26 13 61 46 63 27 38 22 92 56 40 8 52 55 51 21 84 66 83 39 50 20 64 32 81 48 67 41 17 16 10 30 62 2 71 75 35 29 88 42 43 36 85 11 57 77 14 74 15 44 4 18 73 25 86 37 91 79 45 53 12 28 87 59 34 54 3 58 72 69 68 65 19 
31 37 61 69 75 40 67 66 20 73 42 59 1 50 38 70 21 3 65 44 51 63 49 36 76 6 22 33 58 9 29 48 56 71 74 7 45 13 24 46 52 26 25 23 2 16 34 43 54 57 28 72 15 10 39 55 35 5 8 62 60 12 17 41 19 64 47 30 27 68 4 18 14 77 32 11 53 
7 13 19 21 11 3 29 30 8 5 12 26 18 15 27 10 9 14 23 6 4 24 1 22 16 2 28 17 20 25 
1 4 13 5 3 14 15 17 6 8 16 12 9 2 11 7 10 
16 13 29 9 11 1 14 8 28 33 30 17 37 32 5 10 12 35 34 19 15 24 6 27 31 4 25 26 21 38 18 36 3 23 22 20 7 2 
18 23 46 56 33 47 44 17 49 8 5 41 31 50 1 12 21 14 7 22 32 42 38 39 45 13 3 25 43 26 40 10 29 28 51 30 52 37 2 34 53 15 6 9 20 55 27 24 19 54 4 35 48 36 16 11 
68 54 87 44 83 40 38 85 13 4 35 19 81 28 21 79 22 60 37 41 42 45 6 29 82 18 33 26 49 88 14 51 62 72 17 56 53 66 12 47 25 43 65 9 48 55 76 2 73 36 34 61 10 75 67 16 5 59 11 30 15 63 90 89 23 1 8 70 39 77 78 46 27 71 3 69 80 52 20 50 32 84 64 58 86 74 7 57 24 31 
11 24 20 21 22 28 12 1 14 10 6 15 26 5 4 7 9 3 25 2 19 16 8 18 17 13 27 23 
33 19 29 27 39 22 20 1 32 11 47 25 7 36 2 12 35 3 17 34 31 30 9 28 5 38 43 4 13 16 8 15 44 14 41 48 26 10 6 24 42 45 46 21 23 37 18 40 
69 55 25 38 49 44 19 59 34 27 8 65 13 23 36 21 67 17 4 24 14 26 22 10 66 33 30 3 7 31 16 63 45 52 46 71 28 50 12 9 64 43 47 42 18 39 70 61 56 60 11 40 62 6 2 53 68 58 57 1 41 29 54 15 48 37 20 35 5 32 51 
81 73 17 52 82 93 26 66 89 69 38 88 55 5 7 54 72 15 43 8 68 41 60 74 11 29 77 96 90 92 80 83 35 67 10 79 84 27 23 48 12 34 1 85 62 53 6 49 25 87 19 61 78 50 42 13 28 51 75 21 3 76 98 59 22 56 36 86 71 44 99 65 4 45 70 18 20 95 40 47 16 91 57 31 63 24 39 30 97 46 64 37 94 32 14 33 2 9 58 
42 54 38 9 27 31 33 39 11 2 34 24 6 23 25 37 1 52 28 5 36 21 30 4 16 44 3 29 8 13 7 50 41 53 40 19 14 10 26 43 22 12 35 15 47 48 45 49 20 18 51 46 17 32 
15 17 13 11 7 9 6 10 14 8 3 4 12 5 16 2 1 
24 16 37 45 49 26 35 50 19 29 56 38 27 33 31 48 17 51 1 42 54 11 39 13 23 25 52 14 18 3 20 32 44 43 5 22 55 9 30 28 7 41 46 47 8 2 10 15 40 12 4 6 53 36 21 34 
37 43 33 26 19 1 22 20 36 51 25 5 27 34 45 47 11 32 35 14 41 17 31 50 2 40 3 16 6 38 7 9 28 30 44 15 48 18 46 4 49 29 24 39 10 52 13 23 21 42 12 8 
10 9 16 2 7 4 15 6 1 14 5 13 3 12 8 11 
28 41 9 49 15 37 57 29 10 48 14 21 26 13 18 58 34 33 22 51 45 59 6 2 19 38 17 3 53 11 5 54 1 25 8 35 4 31 20 39 36 16 44 27 52 12 42 50 30 46 55 24 40 32 56 23 47 7 43 
6 46 38 14 44 7 11 2 18 8 30 5 33 40 48 28 15 39 41 9 21 22 17 47 27 19 26 29 43 4 20 45 34 49 24 57 52 12 56 55 23 16 25 10 13 35 1 51 53 36 42 50 37 32 3 31 54 
6 34 7 40 33 36 1 24 5 14 25 28 30 9 20 22 21 38 11 19 35 31 13 32 41 4 17 16 26 8 12 3 37 2 39 18 10 27 29 23 15 
11 43 8 18 72 34 12 45 64 58 32 63 49 21 5 28 57 53 25 15 48 62 9 51 66 38 1 40 7 74 31 23 3 39 37 2 69 65 35 13 52 71 70 42 30 22 47 44 41 73 56 67 33 75 26 60 59 20 46 54 29 55 24 61 6 19 50 10 14 27 16 4 17 36 68 
63 93 5 2 13 42 94 60 90 14 8 61 85 55 78 19 40 26 48 46 37 45 88 30 12 68 82 23 65 75 10 47 11 83 53 1 52 64 27 92 84 20 16 25 28 56 4 9 57 87 66 33 6 39 71 51 74 7 89 34 54 79 49 35 44 59 36 58 69 86 70 76 38 15 17 80 31 21 81 41 62 24 95 67 29 43 32 18 3 72 73 77 50 22 91 
25 6 26 11 5 12 35 18 30 32 2 19 22 28 33 10 16 7 27 8 3 9 1 29 34 15 24 17 36 31 13 14 21 23 4 20 
14 10 22 8 33 9 3 34 5 24 6 31 17 15 4 29 23 13 25 7 21 1 16 28 18 19 30 26 11 2 12 20 27 32 
9 16 12 11 17 10 1 14 4 18 6 15 19 5 8 3 2 7 13 
31 37 32 11 30 44 27 33 47 6 26 24 52 16 7 20 25 34 14 13 8 50 17 40 5 35 49 22 46 55 29 54 48 39 53 43 10 51 19 12 41 38 15 28 45 1 42 18 36 21 4 9 3 23 2 
13 27 37 21 16 40 3 44 23 24 36 15 17 39 32 1 22 34 28 42 29 20 8 10 46 2 4 14 35 30 48 19 6 18 26 43 31 33 41 7 45 9 5 11 47 25 38 12 
58 36 47 53 56 57 24 6 48 7 42 4 54 18 22 55 51 15 45 16 10 31 26 62 63 13 12 43 60 40 37 17 49 23 28 59 41 20 35 19 61 8 50 64 9 11 3 32 29 1 2 27 44 25 21 38 14 34 52 30 39 5 46 33 
39 82 73 8 11 6 10 4 86 93 80 21 14 37 63 18 54 15 68 92 34 94 17 52 38 43 74 24 12 28 58 30 81 62 56 75 9 20 87 49 67 89 60 77 29 45 5 25 76 36 88 85 19 27 32 72 13 83 22 57 65 46 47 79 16 66 7 23 42 44 41 61 84 59 64 53 91 78 55 70 48 31 40 1 33 51 71 50 3 2 69 90 35 26 
33 22 26 31 32 1 2 4 15 39 7 12 29 28 18 40 8 11 17 9 3 24 6 5 34 23 21 13 14 16 35 30 19 38 10 25 27 37 20 36 
21 30 10 20 42 29 41 13 22 1 17 23 2 35 3 31 26 39 8 12 43 32 33 7 15 40 6 5 14 9 24 36 28 38 19 11 27 44 37 18 16 34 4 25 
48 52 69 56 34 27 7 71 36 24 4 8 18 38 80 60 14 76 35 1 63 33 30 47 23 81 22 21 75 10 79 82 17 25 68 61 41 62 5 31 11 70 73 44 29 45 28 83 46 39 78 72 32 40 15 43 3 84 55 66 65 9 74 57 37 54 26 2 59 77 58 13 16 19 42 12 51 20 67 53 50 49 64 6 
53 16 37 17 39 21 29 30 20 57 52 1 5 12 8 13 3 60 56 36 44 24 33 10 32 28 42 6 48 46 55 18 2 31 61 50 23 40 22 25 49 26 41 43 19 35 59 9 38 11 58 15 27 47 14 7 4 54 34 51 45 
7 5 16 1 3 9 6 2 13 12 14 15 11 4 10 8 
38 66 22 53 36 49 33 15 37 20 59 3 19 63 6 73 39 17 61 67 30 27 18 85 46 82 52 57 16 23 34 68 80 35 70 14 56 77 31 32 9 47 84 28 78 40 7 21 86 51 60 13 10 5 58 25 83 44 12 62 74 26 11 50 48 42 43 24 81 76 64 45 71 87 69 75 72 2 41 1 79 8 29 55 4 65 54 
21 28 37 24 3 29 32 5 9 35 43 33 26 38 15 13 22 34 45 18 40 14 7 41 25 11 19 17 1 2 8 4 27 42 16 6 30 31 36 23 20 12 44 10 39 
6 8 14 1 17 24 2 22 4 30 10 26 15 16 21 20 3 33 13 34 31 19 32 23 28 5 18 12 27 29 7 25 9 11 
6 77 17 41 48 72 4 34 43 18 32 53 69 58 42 94 75 13 54 28 39 30 68 31 27 90 51 87 40 66 9 55 47 19 26 88 3 56 36 86 29 52 59 80 44 61 7 84 1 93 45 78 57 64 89 46 91 14 33 21 81 82 12 25 22 2 65 23 10 60 92 20 79 73 5 83 62 37 38 11 49 24 35 71 67 8 74 50 85 76 70 63 15 95 16 
25 3 9 17 14 31 20 7 19 23 24 1 12 13 28 15 30 22 32 27 16 4 6 2 18 11 29 33 8 26 21 10 5 
81 68 17 70 46 44 76 83 18 28 54 52 40 36 14 79 77 7 62 58 82 5 8 66 53 45 80 49 55 30 59 21 41 65 23 38 3 1 31 26 2 75 37 10 74 42 16 72 19 43 85 63 11 32 13 64 15 27 84 34 50 57 25 33 56 60 29 67 47 20 71 9 35 6 61 69 24 22 51 73 39 78 48 4 12 
